TN:
SF:index.js
FN:29,(anonymous_0)
FN:41,(anonymous_1)
FN:130,playTaunt
FN:163,(anonymous_3)
FNF:4
FNH:3
FNDA:0,(anonymous_0)
FNDA:31,(anonymous_1)
FNDA:16,playTaunt
FNDA:1,(anonymous_3)
DA:1,1
DA:2,1
DA:3,1
DA:4,1
DA:5,1
DA:8,1
DA:11,1
DA:22,1
DA:24,1
DA:26,1
DA:29,1
DA:31,0
DA:34,0
DA:41,1
DA:43,31
DA:46,30
DA:49,30
DA:52,30
DA:54,5
DA:55,5
DA:58,5
DA:61,5
DA:62,1
DA:63,1
DA:67,4
DA:68,3
DA:69,3
DA:73,1
DA:75,1
DA:79,25
DA:80,4
DA:82,4
DA:85,3
DA:88,3
DA:89,1
DA:90,1
DA:94,2
DA:95,2
DA:96,2
DA:100,0
DA:103,0
DA:105,0
DA:107,1
DA:108,1
DA:109,1
DA:114,21
DA:117,16
DA:118,1
DA:119,1
DA:123,15
DA:126,15
DA:132,16
DA:133,3
DA:134,3
DA:138,13
DA:141,13
DA:142,1
DA:143,1
DA:146,12
DA:148,12
DA:155,11
DA:156,11
DA:159,11
DA:160,11
DA:163,11
DA:164,1
DA:168,1
DA:170,1
DA:175,1
LF:69
LH:64
BRDA:43,0,0,1
BRDA:43,0,1,30
BRDA:52,1,0,5
BRDA:52,1,1,25
BRDA:52,2,0,30
BRDA:52,2,1,7
BRDA:54,3,0,5
BRDA:54,3,1,1
BRDA:55,4,0,5
BRDA:55,4,1,1
BRDA:61,5,0,1
BRDA:61,5,1,4
BRDA:67,6,0,3
BRDA:67,6,1,1
BRDA:79,7,0,4
BRDA:79,7,1,21
BRDA:79,8,0,25
BRDA:79,8,1,4
BRDA:88,9,0,1
BRDA:88,9,1,2
BRDA:94,10,0,2
BRDA:94,10,1,0
BRDA:114,11,0,5
BRDA:114,11,1,16
BRDA:117,12,0,1
BRDA:117,12,1,15
BRDA:132,13,0,3
BRDA:132,13,1,13
BRDA:132,14,0,16
BRDA:132,14,1,14
BRDA:141,15,0,1
BRDA:141,15,1,12
BRF:32
BRH:31
end_of_record
